<?xml version="1.0" encoding="UTF-8"?>
<!-- Generated by org.testng.reporters.JUnitReportReporter -->
<testsuite hostname="DESKTOP-B7EFAO8" failures="0" tests="4" name="test.Testingall" time="22.285" errors="0" timestamp="2023-11-05T00:53:47 IST" skipped="0">
  <testcase classname="test.Testingall" name="test1" time="4.182"/>
  <system-out/>
  <testcase classname="test.Testingall" name="test2" time="5.270"/>
  <system-out/>
  <testcase classname="test.Testingall" name="test3" time="9.476"/>
  <system-out/>
  <testcase classname="test.Testingall" name="test4" time="3.357"/>
  <system-out/>
</testsuite> <!-- test.Testingall -->
